<?xml version="1.0" encoding="UTF-8"?>
<!-- Generated by org.testng.reporters.JUnitReportReporter -->
<testsuite hostname="Alcirs-Macbook-Pro.local" failures="0" tests="1" name="Tests_POST" time="2.450" errors="0" timestamp="2021-05-17T20:59:47 PST" skipped="0">
  <testcase classname="Tests_POST" name="test_1_post" time="2.450"/>
  <system-out/>
</testsuite> <!-- Tests_POST -->
