<?xml version="1.0" encoding="UTF-8"?>
<!-- Generated by org.testng.reporters.JUnitReportReporter -->
<testsuite hostname="Alcirs-Macbook-Pro.local" failures="0" tests="2" name="Test1_GET" time="2.613" errors="0" timestamp="2021-05-17T21:14:38 PST" skipped="0">
  <testcase classname="Test1_GET" name="test_01" time="1.772"/>
  <system-out/>
  <testcase classname="Test1_GET" name="test_02" time="0.841"/>
  <system-out/>
</testsuite> <!-- Test1_GET -->
