<?xml version="1.0" encoding="UTF-8"?>
<!-- Generated by org.testng.reporters.JUnitReportReporter -->
<testsuite hostname="Alcirs-Macbook-Pro.local" failures="0" tests="1" name="Tests_DELETE" time="2.403" errors="0" timestamp="2021-05-17T21:10:45 PST" skipped="0">
  <testcase classname="Tests_DELETE" name="test_1_delete" time="2.403"/>
  <system-out/>
</testsuite> <!-- Tests_DELETE -->
