<?xml version="1.0" encoding="UTF-8"?>
<!-- Generated by org.testng.reporters.JUnitReportReporter -->
<testsuite hostname="Alcirs-Macbook-Pro.local" failures="0" tests="1" name="Tests_PATCH" time="2.255" errors="0" timestamp="2021-05-17T21:07:06 PST" skipped="0">
  <testcase classname="Tests_PATCH" name="test_1_patch" time="2.255"/>
  <system-out/>
</testsuite> <!-- Tests_PATCH -->
