<?xml version="1.0" encoding="UTF-8"?>
<!-- Generated by org.testng.reporters.JUnitReportReporter -->
<testsuite hostname="Alcirs-Macbook-Pro.local" failures="0" tests="1" name="Tests_PUT" time="2.330" errors="0" timestamp="2021-05-17T21:03:53 PST" skipped="0">
  <testcase classname="Tests_PUT" name="test_1_put" time="2.330"/>
  <system-out/>
</testsuite> <!-- Tests_PUT -->
