<?xml version="1.0" encoding="UTF-8"?>
<!-- Generated by org.testng.reporters.JUnitReportReporter -->
<testsuite hostname="Alcirs-Macbook-Pro.local" failures="0" tests="1" name="Tests_GET" time="2.267" errors="0" timestamp="2021-05-17T20:31:26 PST" skipped="0">
  <testcase classname="Tests_GET" name="test_1" time="2.267"/>
  <system-out/>
</testsuite> <!-- Tests_GET -->
